

FATAL ERROR:  Unhandled Access Violation Reading 0xffffffff Exception at 99cb2ecah

11/10/2017 at 10:16:58.000  Drawing: 
-------------
A019757.dwg
-------------
---


FATAL ERROR:  Unhandled Access Violation Reading 0x000f Exception at e59d29ech

11/10/2017 at 10:18:56.583  Drawing: 
-------------


FATAL ERROR:  Unhandled Access Violation Reading 0xffffffff Exception at 9991928ah

11/10/2017 at 10:26:56.731  Drawing: 
-------------


FATAL ERROR:  Unhandled Access Violation Reading 0x000f Exception at e59d29ech

11/10/2017 at 10:33:16.371  Drawing: 
-------------


FATAL ERROR:  Unhandled Access Violation Reading 0xffffffff Exception at 9991ce3ah

11/10/2017 at 10:37:54.419  Drawing: 
-------------


FATAL ERROR:  Unhandled Access Violation Reading 0xffffffff Exception at 9992954ah

11/10/2017 at 10:39:37.437  Drawing: 
-------------


FATAL ERROR:  Unhandled Access Violation Reading 0x0bd8 Exception at ceb43ef8h

11/20/2017 at 08:18:34.773  Drawing: 
-------------


FATAL ERROR:  Unhandled Access Violation Reading 0x000f Exception at d85229ech

11/20/2017 at 08:37:34.491  Drawing: 
-------------


FATAL ERROR:  Unhandled Access Violation Reading 0x0000 Exception at d1aaf1feh

11/20/2017 at 08:41:17.598  Drawing: 
-------------


FATAL ERROR:  Unhandled Access Violation Reading 0x000f Exception at d91029ech

11/23/2017 at 08:56:05.362  Drawing: 
-------------


FATAL ERROR:  Unhandled Access Violation Reading 0x0157 Exception at 99b08569h

11/23/2017 at 10:09:26.464  Drawing: Drawing2.dwg
-------------


FATAL ERROR:  Unhandled e0434352h Exception at fd909e5dh

11/25/2017 at 20:12:46.875  Drawing: 
-------------


INTERNAL ERROR:  !dbobji.cpp@8615: eNotOpenForWrite

11/27/2017 at 10:50:29.403  Drawing: E:\Chockalingam\Drawings\From Client\ABBOTSBURY_A019757.dwg
-------------


FATAL ERROR:  Unhandled Access Violation Reading 0x0000 Exception at d282f1feh

11/28/2017 at 08:42:13.556  Drawing: 
-------------


FATAL ERROR:  Unhandled Access Violation Reading 0x0000 Exception at d1e50303h

12/17/2017 at 19:59:22.786  Drawing: 
-------------


FATAL ERROR:  Unhandled Access Violation Reading 0x0000 Exception at cb960303h

12/17/2017 at 20:02:54.040  Drawing: 
-------------


FATAL ERROR:  Unhandled Access Violation Reading 0xffffffff Exception at 997497fah

12/29/2017 at 08:01:45.048  Drawing: 
-------------
